# JRE version: Java(TM) SE Runtime Environment (15.0.1+9) (build 15.0.1+9-18)
# Java VM: Java HotSpot(TM) 64-Bit Server VM (15.0.1+9-18, mixed mode, sharing, tiered, compressed oops, g1 gc, windows-amd64)
GC Precious Log:
 CPUs: 12 total, 12 available
 Memory: 16222M
 Large Page Support: Disabled
 NUMA Support: Disabled
 Compressed Oops: Enabled (Zero based)
 Heap Region Size: 2M
 Heap Min Capacity: 8M
 Heap Initial Capacity: 254M
 Heap Max Capacity: 4056M
 Pre-touch: Disabled
 Parallel Workers: 10
 Concurrent Workers: 3
 Concurrent Refinement Workers: 10
 Periodic GC: Disabled
Heap:
 garbage-first heap   total 204800K, used 99708K [0x0000000702800000, 0x0000000800000000)
  region size 2048K, 25 young (51200K), 4 survivors (8192K)
 Metaspace       used 33236K, capacity 33927K, committed 34044K, reserved 1079296K
  class space    used 3617K, capacity 3808K, committed 3916K, reserved 1048576K
GC Heap History (20 events):
Event: 4.474 GC heap before
{Heap before GC invocations=12 (full 0):
 garbage-first heap   total 116736K, used 84844K [0x0000000702800000, 0x0000000800000000)
  region size 2048K, 20 young (40960K), 2 survivors (4096K)
 Metaspace       used 33176K, capacity 33785K, committed 34044K, reserved 1079296K
  class space    used 3612K, capacity 3806K, committed 3916K, reserved 1048576K
}
Event: 4.480 GC heap after
{Heap after GC invocations=13 (full 0):
 garbage-first heap   total 141312K, used 48595K [0x0000000702800000, 0x0000000800000000)
  region size 2048K, 2 young (4096K), 2 survivors (4096K)
 Metaspace       used 33176K, capacity 33785K, committed 34044K, reserved 1079296K
  class space    used 3612K, capacity 3806K, committed 3916K, reserved 1048576K
}
Event: 4.669 GC heap before
{Heap before GC invocations=13 (full 0):
 garbage-first heap   total 141312K, used 103891K [0x0000000702800000, 0x0000000800000000)
  region size 2048K, 29 young (59392K), 2 survivors (4096K)
 Metaspace       used 33178K, capacity 33785K, committed 34044K, reserved 1079296K
  class space    used 3612K, capacity 3806K, committed 3916K, reserved 1048576K
}
Event: 4.674 GC heap after
{Heap after GC invocations=14 (full 0):
 garbage-first heap   total 141312K, used 50977K [0x0000000702800000, 0x0000000800000000)
  region size 2048K, 3 young (6144K), 3 survivors (6144K)
 Metaspace       used 33178K, capacity 33785K, committed 34044K, reserved 1079296K
  class space    used 3612K, capacity 3806K, committed 3916K, reserved 1048576K
}
Event: 4.835 GC heap before
{Heap before GC invocations=14 (full 0):
 garbage-first heap   total 141312K, used 104225K [0x0000000702800000, 0x0000000800000000)
  region size 2048K, 30 young (61440K), 3 survivors (6144K)
 Metaspace       used 33183K, capacity 33785K, committed 34044K, reserved 1079296K
  class space    used 3612K, capacity 3806K, committed 3916K, reserved 1048576K
}
Event: 4.840 GC heap after
{Heap after GC invocations=15 (full 0):
 garbage-first heap   total 141312K, used 52065K [0x0000000702800000, 0x0000000800000000)
  region size 2048K, 3 young (6144K), 3 survivors (6144K)
 Metaspace       used 33183K, capacity 33785K, committed 34044K, reserved 1079296K
  class space    used 3612K, capacity 3806K, committed 3916K, reserved 1048576K
}
Event: 4.997 GC heap before
{Heap before GC invocations=15 (full 0):
 garbage-first heap   total 141312K, used 107361K [0x0000000702800000, 0x0000000800000000)
  region size 2048K, 30 young (61440K), 3 survivors (6144K)
 Metaspace       used 33189K, capacity 33785K, committed 34044K, reserved 1079296K
  class space    used 3612K, capacity 3806K, committed 3916K, reserved 1048576K
}
Event: 5.001 GC heap after
{Heap after GC invocations=16 (full 0):
 garbage-first heap   total 141312K, used 52917K [0x0000000702800000, 0x0000000800000000)
  region size 2048K, 3 young (6144K), 3 survivors (6144K)
 Metaspace       used 33189K, capacity 33785K, committed 34044K, reserved 1079296K
  class space    used 3612K, capacity 3806K, committed 3916K, reserved 1048576K
}
Event: 5.156 GC heap before
{Heap before GC invocations=16 (full 0):
 garbage-first heap   total 141312K, used 108213K [0x0000000702800000, 0x0000000800000000)
  region size 2048K, 30 young (61440K), 3 survivors (6144K)
 Metaspace       used 33192K, capacity 33785K, committed 34044K, reserved 1079296K
  class space    used 3612K, capacity 3806K, committed 3916K, reserved 1048576K
}
Event: 5.160 GC heap after
{Heap after GC invocations=17 (full 0):
 garbage-first heap   total 169984K, used 53847K [0x0000000702800000, 0x0000000800000000)
  region size 2048K, 3 young (6144K), 3 survivors (6144K)
 Metaspace       used 33192K, capacity 33785K, committed 34044K, reserved 1079296K
  class space    used 3612K, capacity 3806K, committed 3916K, reserved 1048576K
}
Event: 5.392 GC heap before
{Heap before GC invocations=17 (full 0):
 garbage-first heap   total 169984K, used 131671K [0x0000000702800000, 0x0000000800000000)
  region size 2048K, 41 young (83968K), 3 survivors (6144K)
 Metaspace       used 33211K, capacity 33863K, committed 34044K, reserved 1079296K
  class space    used 3615K, capacity 3808K, committed 3916K, reserved 1048576K
}
Event: 5.398 GC heap after
{Heap after GC invocations=18 (full 0):
 garbage-first heap   total 169984K, used 55574K [0x0000000702800000, 0x0000000800000000)
  region size 2048K, 4 young (8192K), 4 survivors (8192K)
 Metaspace       used 33211K, capacity 33863K, committed 34044K, reserved 1079296K
  class space    used 3615K, capacity 3808K, committed 3916K, reserved 1048576K
}
Event: 5.599 GC heap before
{Heap before GC invocations=18 (full 0):
 garbage-first heap   total 169984K, used 133398K [0x0000000702800000, 0x0000000800000000)
  region size 2048K, 42 young (86016K), 4 survivors (8192K)
 Metaspace       used 33211K, capacity 33863K, committed 34044K, reserved 1079296K
  class space    used 3615K, capacity 3808K, committed 3916K, reserved 1048576K
}
Event: 5.604 GC heap after
{Heap after GC invocations=19 (full 0):
 garbage-first heap   total 169984K, used 56340K [0x0000000702800000, 0x0000000800000000)
  region size 2048K, 4 young (8192K), 4 survivors (8192K)
 Metaspace       used 33211K, capacity 33863K, committed 34044K, reserved 1079296K
  class space    used 3615K, capacity 3808K, committed 3916K, reserved 1048576K
}
Event: 5.757 GC heap before
{Heap before GC invocations=19 (full 0):
 garbage-first heap   total 169984K, used 132116K [0x0000000702800000, 0x0000000800000000)
  region size 2048K, 41 young (83968K), 4 survivors (8192K)
 Metaspace       used 33211K, capacity 33863K, committed 34044K, reserved 1079296K
  class space    used 3615K, capacity 3808K, committed 3916K, reserved 1048576K
}
Event: 5.762 GC heap after
{Heap after GC invocations=20 (full 0):
 garbage-first heap   total 169984K, used 56749K [0x0000000702800000, 0x0000000800000000)
  region size 2048K, 4 young (8192K), 4 survivors (8192K)
 Metaspace       used 33211K, capacity 33863K, committed 34044K, reserved 1079296K
  class space    used 3615K, capacity 3808K, committed 3916K, reserved 1048576K
}
Event: 5.938 GC heap before
{Heap before GC invocations=20 (full 0):
 garbage-first heap   total 169984K, used 134573K [0x0000000702800000, 0x0000000800000000)
  region size 2048K, 42 young (86016K), 4 survivors (8192K)
 Metaspace       used 33215K, capacity 33863K, committed 34044K, reserved 1079296K
  class space    used 3615K, capacity 3808K, committed 3916K, reserved 1048576K
}
Event: 5.943 GC heap after
{Heap after GC invocations=21 (full 0):
 garbage-first heap   total 204800K, used 57602K [0x0000000702800000, 0x0000000800000000)
  region size 2048K, 4 young (8192K), 4 survivors (8192K)
 Metaspace       used 33215K, capacity 33863K, committed 34044K, reserved 1079296K
  class space    used 3615K, capacity 3808K, committed 3916K, reserved 1048576K
}
Event: 6.209 GC heap before
{Heap before GC invocations=21 (full 0):
 garbage-first heap   total 204800K, used 164098K [0x0000000702800000, 0x0000000800000000)
  region size 2048K, 56 young (114688K), 4 survivors (8192K)
 Metaspace       used 33229K, capacity 33863K, committed 34044K, reserved 1079296K
  class space    used 3617K, capacity 3808K, committed 3916K, reserved 1048576K
}
Event: 6.214 GC heap after
{Heap after GC invocations=22 (full 0):
 garbage-first heap   total 204800K, used 58748K [0x0000000702800000, 0x0000000800000000)
  region size 2048K, 4 young (8192K), 4 survivors (8192K)
 Metaspace       used 33229K, capacity 33863K, committed 34044K, reserved 1079296K
  class space    used 3617K, capacity 3808K, committed 3916K, reserved 1048576K
}

