# JRE version: Java(TM) SE Runtime Environment (15.0.1+9) (build 15.0.1+9-18)
# Java VM: Java HotSpot(TM) 64-Bit Server VM (15.0.1+9-18, mixed mode, sharing, tiered, compressed oops, g1 gc, windows-amd64)
GC Precious Log:
 CPUs: 12 total, 12 available
 Memory: 16222M
 Large Page Support: Disabled
 NUMA Support: Disabled
 Compressed Oops: Enabled (Zero based)
 Heap Region Size: 2M
 Heap Min Capacity: 8M
 Heap Initial Capacity: 254M
 Heap Max Capacity: 4056M
 Pre-touch: Disabled
 Parallel Workers: 10
 Concurrent Workers: 3
 Concurrent Refinement Workers: 10
 Periodic GC: Disabled
Heap:
 garbage-first heap   total 194560K, used 33761K [0x0000000702800000, 0x0000000800000000)
  region size 2048K, 4 young (8192K), 4 survivors (8192K)
 Metaspace       used 24150K, capacity 24839K, committed 25008K, reserved 1071104K
  class space    used 2557K, capacity 2762K, committed 2816K, reserved 1048576K
GC Heap History (20 events):
Event: 0.688 GC heap after
{Heap after GC invocations=2 (full 0):
 garbage-first heap   total 260096K, used 5593K [0x0000000702800000, 0x0000000800000000)
  region size 2048K, 1 young (2048K), 1 survivors (2048K)
 Metaspace       used 10004K, capacity 11434K, committed 11648K, reserved 1058816K
  class space    used 1175K, capacity 1357K, committed 1408K, reserved 1048576K
}
Event: 2.646 GC heap before
{Heap before GC invocations=2 (full 0):
 garbage-first heap   total 260096K, used 159193K [0x0000000702800000, 0x0000000800000000)
  region size 2048K, 76 young (155648K), 1 survivors (2048K)
 Metaspace       used 16993K, capacity 17430K, committed 17536K, reserved 1064960K
  class space    used 1762K, capacity 1913K, committed 1920K, reserved 1048576K
}
Event: 2.651 GC heap after
{Heap after GC invocations=3 (full 0):
 garbage-first heap   total 260096K, used 13292K [0x0000000702800000, 0x0000000800000000)
  region size 2048K, 5 young (10240K), 5 survivors (10240K)
 Metaspace       used 16993K, capacity 17430K, committed 17536K, reserved 1064960K
  class space    used 1762K, capacity 1913K, committed 1920K, reserved 1048576K
}
Event: 2.807 GC heap before
{Heap before GC invocations=3 (full 0):
 garbage-first heap   total 260096K, used 29676K [0x0000000702800000, 0x0000000800000000)
  region size 2048K, 14 young (28672K), 5 survivors (10240K)
 Metaspace       used 20646K, capacity 21172K, committed 21296K, reserved 1069056K
  class space    used 2208K, capacity 2374K, committed 2432K, reserved 1048576K
}
Event: 2.812 GC heap after
{Heap after GC invocations=4 (full 0):
 garbage-first heap   total 260096K, used 14712K [0x0000000702800000, 0x0000000800000000)
  region size 2048K, 6 young (12288K), 6 survivors (12288K)
 Metaspace       used 20646K, capacity 21172K, committed 21296K, reserved 1069056K
  class space    used 2208K, capacity 2374K, committed 2432K, reserved 1048576K
}
Event: 3.055 GC heap before
{Heap before GC invocations=5 (full 0):
 garbage-first heap   total 61440K, used 39288K [0x0000000702800000, 0x0000000800000000)
  region size 2048K, 18 young (36864K), 6 survivors (12288K)
 Metaspace       used 23643K, capacity 24247K, committed 24496K, reserved 1071104K
  class space    used 2510K, capacity 2694K, committed 2816K, reserved 1048576K
}
Event: 3.064 GC heap after
{Heap after GC invocations=6 (full 0):
 garbage-first heap   total 61440K, used 20333K [0x0000000702800000, 0x0000000800000000)
  region size 2048K, 3 young (6144K), 3 survivors (6144K)
 Metaspace       used 23643K, capacity 24247K, committed 24496K, reserved 1071104K
  class space    used 2510K, capacity 2694K, committed 2816K, reserved 1048576K
}
Event: 3.154 GC heap before
{Heap before GC invocations=6 (full 0):
 garbage-first heap   total 61440K, used 38765K [0x0000000702800000, 0x0000000800000000)
  region size 2048K, 13 young (26624K), 3 survivors (6144K)
 Metaspace       used 24050K, capacity 24703K, committed 25008K, reserved 1071104K
  class space    used 2552K, capacity 2758K, committed 2816K, reserved 1048576K
}
Event: 3.158 GC heap after
{Heap after GC invocations=7 (full 0):
 garbage-first heap   total 61440K, used 24409K [0x0000000702800000, 0x0000000800000000)
  region size 2048K, 2 young (4096K), 2 survivors (4096K)
 Metaspace       used 24050K, capacity 24703K, committed 25008K, reserved 1071104K
  class space    used 2552K, capacity 2758K, committed 2816K, reserved 1048576K
}
Event: 3.218 GC heap before
{Heap before GC invocations=7 (full 0):
 garbage-first heap   total 61440K, used 42841K [0x0000000702800000, 0x0000000800000000)
  region size 2048K, 11 young (22528K), 2 survivors (4096K)
 Metaspace       used 24082K, capacity 24703K, committed 25008K, reserved 1071104K
  class space    used 2552K, capacity 2758K, committed 2816K, reserved 1048576K
}
Event: 3.223 GC heap after
{Heap after GC invocations=8 (full 0):
 garbage-first heap   total 61440K, used 25516K [0x0000000702800000, 0x0000000800000000)
  region size 2048K, 1 young (2048K), 1 survivors (2048K)
 Metaspace       used 24082K, capacity 24703K, committed 25008K, reserved 1071104K
  class space    used 2552K, capacity 2758K, committed 2816K, reserved 1048576K
}
Event: 3.282 GC heap before
{Heap before GC invocations=8 (full 0):
 garbage-first heap   total 61440K, used 43948K [0x0000000702800000, 0x0000000800000000)
  region size 2048K, 10 young (20480K), 1 survivors (2048K)
 Metaspace       used 24101K, capacity 24773K, committed 25008K, reserved 1071104K
  class space    used 2555K, capacity 2760K, committed 2816K, reserved 1048576K
}
Event: 3.288 GC heap after
{Heap after GC invocations=9 (full 0):
 garbage-first heap   total 161792K, used 27265K [0x0000000702800000, 0x0000000800000000)
  region size 2048K, 2 young (4096K), 2 survivors (4096K)
 Metaspace       used 24101K, capacity 24773K, committed 25008K, reserved 1071104K
  class space    used 2555K, capacity 2760K, committed 2816K, reserved 1048576K
}
Event: 3.556 GC heap before
{Heap before GC invocations=9 (full 0):
 garbage-first heap   total 161792K, used 119425K [0x0000000702800000, 0x0000000800000000)
  region size 2048K, 47 young (96256K), 2 survivors (4096K)
 Metaspace       used 24113K, capacity 24773K, committed 25008K, reserved 1071104K
  class space    used 2555K, capacity 2760K, committed 2816K, reserved 1048576K
}
Event: 3.561 GC heap after
{Heap after GC invocations=10 (full 0):
 garbage-first heap   total 161792K, used 30150K [0x0000000702800000, 0x0000000800000000)
  region size 2048K, 4 young (8192K), 4 survivors (8192K)
 Metaspace       used 24113K, capacity 24773K, committed 25008K, reserved 1071104K
  class space    used 2555K, capacity 2760K, committed 2816K, reserved 1048576K
}
Event: 3.784 GC heap before
{Heap before GC invocations=10 (full 0):
 garbage-first heap   total 161792K, used 118214K [0x0000000702800000, 0x0000000800000000)
  region size 2048K, 47 young (96256K), 4 survivors (8192K)
 Metaspace       used 24126K, capacity 24839K, committed 25008K, reserved 1071104K
  class space    used 2555K, capacity 2762K, committed 2816K, reserved 1048576K
}
Event: 3.789 GC heap after
{Heap after GC invocations=11 (full 0):
 garbage-first heap   total 161792K, used 31362K [0x0000000702800000, 0x0000000800000000)
  region size 2048K, 4 young (8192K), 4 survivors (8192K)
 Metaspace       used 24126K, capacity 24839K, committed 25008K, reserved 1071104K
  class space    used 2555K, capacity 2762K, committed 2816K, reserved 1048576K
}
Event: 4.040 GC heap before
{Heap before GC invocations=11 (full 0):
 garbage-first heap   total 161792K, used 119426K [0x0000000702800000, 0x0000000800000000)
  region size 2048K, 47 young (96256K), 4 survivors (8192K)
 Metaspace       used 24142K, capacity 24839K, committed 25008K, reserved 1071104K
  class space    used 2557K, capacity 2762K, committed 2816K, reserved 1048576K
}
Event: 4.045 GC heap after
{Heap after GC invocations=12 (full 0):
 garbage-first heap   total 161792K, used 32227K [0x0000000702800000, 0x0000000800000000)
  region size 2048K, 3 young (6144K), 3 survivors (6144K)
 Metaspace       used 24142K, capacity 24839K, committed 25008K, reserved 1071104K
  class space    used 2557K, capacity 2762K, committed 2816K, reserved 1048576K
}
Event: 4.287 GC heap before
{Heap before GC invocations=12 (full 0):
 garbage-first heap   total 161792K, used 122339K [0x0000000702800000, 0x0000000800000000)
  region size 2048K, 47 young (96256K), 3 survivors (6144K)
 Metaspace       used 24150K, capacity 24839K, committed 25008K, reserved 1071104K
  class space    used 2557K, capacity 2762K, committed 2816K, reserved 1048576K
}

